... building the model
training @ iter =  0
2.30258512497
training @ iter =  100
2.29916620255
training @ iter =  200
2.30158543587
training @ iter =  300
2.29627728462
training @ iter =  400
2.31247711182
epoch 1, minibatch 500/500, test error 87.760000 %
training @ iter =  500
2.31148576736
training @ iter =  600
2.29640603065
training @ iter =  700
2.28859472275
training @ iter =  800
2.09309363365
training @ iter =  900
2.10277366638
epoch 2, minibatch 500/500, test error 84.010000 %
training @ iter =  1000
2.14679145813
training @ iter =  1100
2.0398504734
training @ iter =  1200
2.08955287933
training @ iter =  1300
1.98659574986
training @ iter =  1400
1.99720668793
epoch 3, minibatch 500/500, test error 85.360000 %
training @ iter =  1500
2.04489135742
training @ iter =  1600
1.96367120743
training @ iter =  1700
2.03986144066
training @ iter =  1800
1.89101076126
training @ iter =  1900
1.78965437412
epoch 4, minibatch 500/500, test error 75.550000 %
training @ iter =  2000
1.96000134945
training @ iter =  2100
1.84402859211
training @ iter =  2200
1.99373340607
training @ iter =  2300
1.73462343216
training @ iter =  2400
1.65592646599
epoch 5, minibatch 500/500, test error 68.810000 %
training @ iter =  2500
1.91544675827
training @ iter =  2600
1.66402494907
training @ iter =  2700
1.8373041153
training @ iter =  2800
1.59557163715
training @ iter =  2900
1.49511110783
epoch 6, minibatch 500/500, test error 65.390000 %
training @ iter =  3000
1.76085340977
training @ iter =  3100
1.59150540829
training @ iter =  3200
1.73967087269
training @ iter =  3300
1.45804810524
training @ iter =  3400
1.37355959415
epoch 7, minibatch 500/500, test error 63.170000 %
training @ iter =  3500
1.5656106472
training @ iter =  3600
1.47352385521
training @ iter =  3700
1.61300384998
training @ iter =  3800
1.38643813133
training @ iter =  3900
1.32108139992
epoch 8, minibatch 500/500, test error 59.230000 %
training @ iter =  4000
1.49082016945
training @ iter =  4100
1.38059437275
training @ iter =  4200
1.51424789429
training @ iter =  4300
1.33542311192
training @ iter =  4400
1.33767640591
epoch 9, minibatch 500/500, test error 60.420000 %
training @ iter =  4500
1.41511809826
training @ iter =  4600
1.27685117722
training @ iter =  4700
1.39413416386
training @ iter =  4800
1.24844908714
training @ iter =  4900
1.1232676506
epoch 10, minibatch 500/500, test error 57.100000 %
training @ iter =  5000
1.28588283062
training @ iter =  5100
1.26618909836
training @ iter =  5200
1.35292315483
training @ iter =  5300
1.01747620106
training @ iter =  5400
1.14750790596
epoch 11, minibatch 500/500, test error 54.940000 %
training @ iter =  5500
1.40629887581
training @ iter =  5600
1.13226795197
training @ iter =  5700
1.24094128609
training @ iter =  5800
1.02485179901
training @ iter =  5900
1.063185215
epoch 12, minibatch 500/500, test error 53.950000 %
training @ iter =  6000
1.22004830837
training @ iter =  6100
1.07838928699
training @ iter =  6200
1.22552132607
training @ iter =  6300
1.0086132288
training @ iter =  6400
0.995255351067
epoch 13, minibatch 500/500, test error 50.790000 %
training @ iter =  6500
1.02085709572
training @ iter =  6600
1.16188538074
training @ iter =  6700
1.13678586483
training @ iter =  6800
0.864297032356
training @ iter =  6900
0.967073976994
epoch 14, minibatch 500/500, test error 45.920000 %
training @ iter =  7000
1.10200488567
training @ iter =  7100
0.994741201401
training @ iter =  7200
1.04471790791
training @ iter =  7300
0.810666739941
training @ iter =  7400
1.00504767895
epoch 15, minibatch 500/500, test error 43.790000 %
training @ iter =  7500
0.997561216354
training @ iter =  7600
0.963551342487
training @ iter =  7700
1.02128064632
training @ iter =  7800
0.709252238274
training @ iter =  7900
0.812053978443
epoch 16, minibatch 500/500, test error 39.880000 %
training @ iter =  8000
0.870377063751
training @ iter =  8100
0.780249416828
training @ iter =  8200
1.01344335079
training @ iter =  8300
0.638092815876
training @ iter =  8400
0.745722174644
epoch 17, minibatch 500/500, test error 36.880000 %
training @ iter =  8500
0.819930195808
training @ iter =  8600
0.786026895046
training @ iter =  8700
0.795216441154
training @ iter =  8800
0.618659079075
training @ iter =  8900
0.719146430492
epoch 18, minibatch 500/500, test error 28.760000 %
training @ iter =  9000
0.760906994343
training @ iter =  9100
0.750209331512
training @ iter =  9200
0.79010373354
training @ iter =  9300
0.606873571873
training @ iter =  9400
0.625760316849
epoch 19, minibatch 500/500, test error 29.910000 %
training @ iter =  9500
0.7035343647
training @ iter =  9600
0.649939954281
training @ iter =  9700
0.818978190422
training @ iter =  9800
0.518036603928
training @ iter =  9900
0.650074720383
epoch 20, minibatch 500/500, test error 29.810000 %
training @ iter =  10000
0.636097848415
training @ iter =  10100
0.601727843285
training @ iter =  10200
0.680652439594
training @ iter =  10300
0.524111449718
training @ iter =  10400
0.577495276928
epoch 21, minibatch 500/500, test error 27.790000 %
training @ iter =  10500
0.617843389511
training @ iter =  10600
0.669700145721
training @ iter =  10700
0.713411688805
training @ iter =  10800
0.644973814487
training @ iter =  10900
0.589150667191
epoch 22, minibatch 500/500, test error 27.080000 %
training @ iter =  11000
0.548545122147
training @ iter =  11100
0.62653362751
training @ iter =  11200
0.537286818027
training @ iter =  11300
0.508368551731
training @ iter =  11400
0.540951669216
epoch 23, minibatch 500/500, test error 25.480000 %
training @ iter =  11500
0.602529764175
training @ iter =  11600
0.57509458065
training @ iter =  11700
0.625960350037
training @ iter =  11800
0.48284560442
training @ iter =  11900
0.44918179512
epoch 24, minibatch 500/500, test error 25.160000 %
training @ iter =  12000
0.524034321308
training @ iter =  12100
0.466274708509
training @ iter =  12200
0.587494909763
training @ iter =  12300
0.622194290161
training @ iter =  12400
0.506439387798
epoch 25, minibatch 500/500, test error 27.100000 %
training @ iter =  12500
0.4993930161
training @ iter =  12600
0.459442049265
training @ iter =  12700
0.556922376156
training @ iter =  12800
0.494566053152
training @ iter =  12900
0.522771835327
epoch 26, minibatch 500/500, test error 24.290000 %
training @ iter =  13000
0.431400030851
training @ iter =  13100
0.512041151524
training @ iter =  13200
0.593196451664
training @ iter =  13300
0.425716012716
training @ iter =  13400
0.354025572538
epoch 27, minibatch 500/500, test error 21.230000 %
training @ iter =  13500
0.494621574879
training @ iter =  13600
0.435833901167
training @ iter =  13700
0.457879632711
training @ iter =  13800
0.494044959545
training @ iter =  13900
0.429082423449
epoch 28, minibatch 500/500, test error 22.840000 %
training @ iter =  14000
0.410327196121
training @ iter =  14100
0.516101300716
training @ iter =  14200
0.39432784915
training @ iter =  14300
0.449749678373
training @ iter =  14400
0.384766697884
epoch 29, minibatch 500/500, test error 21.050000 %
training @ iter =  14500
0.386903226376
training @ iter =  14600
0.397962659597
training @ iter =  14700
0.454979121685
training @ iter =  14800
0.343318283558
training @ iter =  14900
0.42047598958
epoch 30, minibatch 500/500, test error 21.480000 %
training @ iter =  15000
0.416383594275
training @ iter =  15100
0.484398812056
training @ iter =  15200
0.427322477102
training @ iter =  15300
0.455030888319
training @ iter =  15400
0.408678472042
epoch 31, minibatch 500/500, test error 21.700000 %
training @ iter =  15500
0.31525811553
training @ iter =  15600
0.421945661306
training @ iter =  15700
0.435314297676
training @ iter =  15800
0.43970015645
training @ iter =  15900
0.389739155769
epoch 32, minibatch 500/500, test error 19.840000 %
training @ iter =  16000
0.348288506269
training @ iter =  16100
0.451232612133
training @ iter =  16200
0.387711167336
training @ iter =  16300
0.314604222775
training @ iter =  16400
0.265895336866
epoch 33, minibatch 500/500, test error 18.960000 %
training @ iter =  16500
0.33347800374
training @ iter =  16600
0.435061872005
training @ iter =  16700
0.363712757826
training @ iter =  16800
0.327543646097
training @ iter =  16900
0.310415834188
epoch 34, minibatch 500/500, test error 19.190000 %
training @ iter =  17000
0.280537307262
training @ iter =  17100
0.255697637796
training @ iter =  17200
0.430753469467
training @ iter =  17300
0.345244914293
training @ iter =  17400
0.350406646729
epoch 35, minibatch 500/500, test error 21.220000 %
training @ iter =  17500
0.334471285343
training @ iter =  17600
0.420225024223
training @ iter =  17700
0.334401279688
training @ iter =  17800
0.505313515663
training @ iter =  17900
0.35507568717
epoch 36, minibatch 500/500, test error 20.100000 %
training @ iter =  18000
0.319995343685
training @ iter =  18100
0.365034133196
training @ iter =  18200
0.359817534685
training @ iter =  18300
0.389385521412
training @ iter =  18400
0.347401201725
epoch 37, minibatch 500/500, test error 18.730000 %
training @ iter =  18500
0.323093384504
training @ iter =  18600
0.284425646067
training @ iter =  18700
0.3522336483
training @ iter =  18800
0.33006477356
training @ iter =  18900
0.305509448051
epoch 38, minibatch 500/500, test error 19.860000 %
training @ iter =  19000
0.302944481373
training @ iter =  19100
0.397588968277
training @ iter =  19200
0.298437178135
training @ iter =  19300
0.264198035002
training @ iter =  19400
0.361404240131
epoch 39, minibatch 500/500, test error 18.290000 %
training @ iter =  19500
0.341201871634
training @ iter =  19600
0.308439254761
training @ iter =  19700
0.340242415667
training @ iter =  19800
0.243551954627
training @ iter =  19900
0.306287497282
epoch 40, minibatch 500/500, test error 19.300000 %
training @ iter =  20000
0.297781944275
training @ iter =  20100
0.404903262854
training @ iter =  20200
0.278186351061
training @ iter =  20300
0.286395400763
training @ iter =  20400
0.336787492037
epoch 41, minibatch 500/500, test error 20.850000 %
training @ iter =  20500
0.223748087883
training @ iter =  20600
0.256746649742
training @ iter =  20700
0.297761946917
training @ iter =  20800
0.24100805819
training @ iter =  20900
0.230009496212
epoch 42, minibatch 500/500, test error 17.810000 %
training @ iter =  21000
0.313314318657
training @ iter =  21100
0.233919262886
training @ iter =  21200
0.331942528486
training @ iter =  21300
0.342551767826
training @ iter =  21400
0.308926254511
epoch 43, minibatch 500/500, test error 18.030000 %
training @ iter =  21500
0.273460805416
training @ iter =  21600
0.269871801138
training @ iter =  21700
0.304499179125
training @ iter =  21800
0.235097974539
training @ iter =  21900
0.323439180851
epoch 44, minibatch 500/500, test error 20.300000 %
training @ iter =  22000
0.306774586439
training @ iter =  22100
0.312782675028
training @ iter =  22200
0.16795578599
training @ iter =  22300
0.302678018808
training @ iter =  22400
0.266571611166
epoch 45, minibatch 500/500, test error 19.010000 %
training @ iter =  22500
0.216435924172
training @ iter =  22600
0.2668620646
training @ iter =  22700
0.362303197384
training @ iter =  22800
0.167313218117
training @ iter =  22900
0.251932680607
epoch 46, minibatch 500/500, test error 17.990000 %
training @ iter =  23000
0.263329684734
training @ iter =  23100
0.168150544167
training @ iter =  23200
0.314314395189
training @ iter =  23300
0.326568335295
training @ iter =  23400
0.19246250391
epoch 47, minibatch 500/500, test error 16.200000 %
training @ iter =  23500
0.254638552666
training @ iter =  23600
0.204590111971
training @ iter =  23700
0.307696431875
training @ iter =  23800
0.273933827877
training @ iter =  23900
0.344617307186
epoch 48, minibatch 500/500, test error 17.730000 %
training @ iter =  24000
0.263702571392
training @ iter =  24100
0.224040597677
training @ iter =  24200
0.375728011131
training @ iter =  24300
0.170586913824
training @ iter =  24400
0.21190880239
epoch 49, minibatch 500/500, test error 16.320000 %
training @ iter =  24500
0.250194460154
training @ iter =  24600
0.286698162556
training @ iter =  24700
0.263423681259
training @ iter =  24800
0.193702682853
training @ iter =  24900
0.433361083269
epoch 50, minibatch 500/500, test error 17.570000 %
training @ iter =  25000
0.249350950122
training @ iter =  25100
0.310658425093
training @ iter =  25200
0.347886770964
training @ iter =  25300
0.188049122691
training @ iter =  25400
0.306414008141
epoch 51, minibatch 500/500, test error 17.560000 %
training @ iter =  25500
0.147781327367
training @ iter =  25600
0.148715540767
training @ iter =  25700
0.34136146307
training @ iter =  25800
0.155110627413
training @ iter =  25900
0.223972275853
epoch 52, minibatch 500/500, test error 20.200000 %
training @ iter =  26000
0.197557911277
training @ iter =  26100
0.124278739095
training @ iter =  26200
0.234470754862
training @ iter =  26300
0.335923075676
training @ iter =  26400
0.264114201069
epoch 53, minibatch 500/500, test error 19.260000 %
training @ iter =  26500
0.232160106301
training @ iter =  26600
0.244378626347
training @ iter =  26700
0.211752817035
training @ iter =  26800
0.233183532953
training @ iter =  26900
0.362486541271
epoch 54, minibatch 500/500, test error 17.800000 %
training @ iter =  27000
0.342569589615
training @ iter =  27100
0.120616428554
training @ iter =  27200
0.289630740881
training @ iter =  27300
0.266199290752
training @ iter =  27400
0.207152366638
epoch 55, minibatch 500/500, test error 16.260000 %
training @ iter =  27500
0.267516493797
training @ iter =  27600
0.201871961355
training @ iter =  27700
0.170136064291
training @ iter =  27800
0.283890426159
training @ iter =  27900
0.225380063057
epoch 56, minibatch 500/500, test error 17.120000 %
training @ iter =  28000
0.230436131358
training @ iter =  28100
0.276071369648
training @ iter =  28200
0.220940977335
training @ iter =  28300
0.255572408438
training @ iter =  28400
0.346268296242
epoch 57, minibatch 500/500, test error 17.250000 %
training @ iter =  28500
0.250599563122
training @ iter =  28600
0.0861666128039
training @ iter =  28700
0.227323234081
training @ iter =  28800
0.267599284649
training @ iter =  28900
0.206513494253
epoch 58, minibatch 500/500, test error 16.460000 %
training @ iter =  29000
0.252260923386
training @ iter =  29100
0.183552786708
training @ iter =  29200
0.265607774258
training @ iter =  29300
0.197372302413
training @ iter =  29400
0.237344861031
epoch 59, minibatch 500/500, test error 15.430000 %
training @ iter =  29500
0.23440143466
training @ iter =  29600
0.192269816995
training @ iter =  29700
0.132491260767
training @ iter =  29800
0.374918818474
training @ iter =  29900
0.183849036694
epoch 60, minibatch 500/500, test error 17.920000 %
training @ iter =  30000
0.179446816444
training @ iter =  30100
0.141650959849
training @ iter =  30200
0.221507906914
training @ iter =  30300
0.123391702771
training @ iter =  30400
0.236151993275
epoch 61, minibatch 500/500, test error 18.870000 %
training @ iter =  30500
0.162324145436
training @ iter =  30600
0.172414764762
training @ iter =  30700
0.262523800135
training @ iter =  30800
0.218876227736
training @ iter =  30900
0.177355408669
epoch 62, minibatch 500/500, test error 17.230000 %
training @ iter =  31000
0.112885192037
training @ iter =  31100
0.237627252936
training @ iter =  31200
0.242801845074
training @ iter =  31300
0.236985772848
training @ iter =  31400
0.22999291122
epoch 63, minibatch 500/500, test error 18.300000 %
training @ iter =  31500
0.218682959676
training @ iter =  31600
0.164764225483
training @ iter =  31700
0.160828977823
training @ iter =  31800
0.275627195835
training @ iter =  31900
0.159070536494
epoch 64, minibatch 500/500, test error 19.080000 %
training @ iter =  32000
0.177731126547
training @ iter =  32100
0.204926714301
training @ iter =  32200
0.23943656683
training @ iter =  32300
0.217618197203
training @ iter =  32400
0.13054060936
epoch 65, minibatch 500/500, test error 90.000000 %
training @ iter =  32500
nan
training @ iter =  32600
nan
training @ iter =  32700
nan
training @ iter =  32800
nan
training @ iter =  32900
nan
epoch 66, minibatch 500/500, test error 90.000000 %
training @ iter =  33000
nan
training @ iter =  33100
nan
training @ iter =  33200
nan
training @ iter =  33300
nan
training @ iter =  33400
nan
epoch 67, minibatch 500/500, test error 90.000000 %
training @ iter =  33500
nan
training @ iter =  33600
nan
training @ iter =  33700
nan
training @ iter =  33800
nan
training @ iter =  33900
nan
epoch 68, minibatch 500/500, test error 90.000000 %
training @ iter =  34000
nan
training @ iter =  34100
nan
training @ iter =  34200
nan
training @ iter =  34300
nan
training @ iter =  34400
nan
epoch 69, minibatch 500/500, test error 90.000000 %
training @ iter =  34500
nan
training @ iter =  34600
nan
training @ iter =  34700
nan
training @ iter =  34800
nan
training @ iter =  34900
nan
epoch 70, minibatch 500/500, test error 90.000000 %
